
*** Running vivado
    with args -log thermometer.vdi -applog -m64 -product Vivado -messageDb vivado.pb -mode batch -source thermometer.tcl -notrace


****** Vivado v2018.2 (64-bit)
  **** SW Build 2258646 on Thu Jun 14 20:03:12 MDT 2018
  **** IP Build 2256618 on Thu Jun 14 22:10:49 MDT 2018
    ** Copyright 1986-2018 Xilinx, Inc. All Rights Reserved.

source thermometer.tcl -notrace
create_project: Time (s): cpu = 00:00:03 ; elapsed = 00:00:13 . Memory (MB): peak = 300.133 ; gain = 70.500
Command: link_design -top thermometer -part xc7a100tcsg324-1
Design is defaulting to srcset: sources_1
Design is defaulting to constrset: constrs_1
INFO: [Netlist 29-17] Analyzing 9 Unisim elements for replacement
INFO: [Netlist 29-28] Unisim Transformation completed in 0 CPU seconds
INFO: [Project 1-479] Netlist was created with Vivado 2018.2
INFO: [Device 21-403] Loading part xc7a100tcsg324-1
INFO: [Project 1-570] Preparing netlist for logic optimization
Parsing XDC File [C:/Users/Muhammad Ahmed/Desktop/cep_xdc.xdc]
WARNING: [Vivado 12-584] No ports matched 'LED[0]'. [C:/Users/Muhammad Ahmed/Desktop/cep_xdc.xdc:10]
CRITICAL WARNING: [Common 17-55] 'set_property' expects at least one object. [C:/Users/Muhammad Ahmed/Desktop/cep_xdc.xdc:10]
Resolution: If [get_<value>] was used to populate the object, check to make sure this command returns at least one valid object.
WARNING: [Vivado 12-584] No ports matched 'LED[1]'. [C:/Users/Muhammad Ahmed/Desktop/cep_xdc.xdc:11]
CRITICAL WARNING: [Common 17-55] 'set_property' expects at least one object. [C:/Users/Muhammad Ahmed/Desktop/cep_xdc.xdc:11]
Resolution: If [get_<value>] was used to populate the object, check to make sure this command returns at least one valid object.
WARNING: [Vivado 12-584] No ports matched 'LED[2]'. [C:/Users/Muhammad Ahmed/Desktop/cep_xdc.xdc:12]
CRITICAL WARNING: [Common 17-55] 'set_property' expects at least one object. [C:/Users/Muhammad Ahmed/Desktop/cep_xdc.xdc:12]
Resolution: If [get_<value>] was used to populate the object, check to make sure this command returns at least one valid object.
WARNING: [Vivado 12-584] No ports matched 'LED[3]'. [C:/Users/Muhammad Ahmed/Desktop/cep_xdc.xdc:13]
CRITICAL WARNING: [Common 17-55] 'set_property' expects at least one object. [C:/Users/Muhammad Ahmed/Desktop/cep_xdc.xdc:13]
Resolution: If [get_<value>] was used to populate the object, check to make sure this command returns at least one valid object.
WARNING: [Vivado 12-584] No ports matched 'LED[4]'. [C:/Users/Muhammad Ahmed/Desktop/cep_xdc.xdc:14]
CRITICAL WARNING: [Common 17-55] 'set_property' expects at least one object. [C:/Users/Muhammad Ahmed/Desktop/cep_xdc.xdc:14]
Resolution: If [get_<value>] was used to populate the object, check to make sure this command returns at least one valid object.
WARNING: [Vivado 12-584] No ports matched 'LED[5]'. [C:/Users/Muhammad Ahmed/Desktop/cep_xdc.xdc:15]
CRITICAL WARNING: [Common 17-55] 'set_property' expects at least one object. [C:/Users/Muhammad Ahmed/Desktop/cep_xdc.xdc:15]
Resolution: If [get_<value>] was used to populate the object, check to make sure this command returns at least one valid object.
WARNING: [Vivado 12-584] No ports matched 'LED[6]'. [C:/Users/Muhammad Ahmed/Desktop/cep_xdc.xdc:16]
CRITICAL WARNING: [Common 17-55] 'set_property' expects at least one object. [C:/Users/Muhammad Ahmed/Desktop/cep_xdc.xdc:16]
Resolution: If [get_<value>] was used to populate the object, check to make sure this command returns at least one valid object.
WARNING: [Vivado 12-584] No ports matched 'LED[7]'. [C:/Users/Muhammad Ahmed/Desktop/cep_xdc.xdc:17]
CRITICAL WARNING: [Common 17-55] 'set_property' expects at least one object. [C:/Users/Muhammad Ahmed/Desktop/cep_xdc.xdc:17]
Resolution: If [get_<value>] was used to populate the object, check to make sure this command returns at least one valid object.
WARNING: [Vivado 12-584] No ports matched 'LED[8]'. [C:/Users/Muhammad Ahmed/Desktop/cep_xdc.xdc:18]
CRITICAL WARNING: [Common 17-55] 'set_property' expects at least one object. [C:/Users/Muhammad Ahmed/Desktop/cep_xdc.xdc:18]
Resolution: If [get_<value>] was used to populate the object, check to make sure this command returns at least one valid object.
WARNING: [Vivado 12-584] No ports matched 'LED[9]'. [C:/Users/Muhammad Ahmed/Desktop/cep_xdc.xdc:19]
CRITICAL WARNING: [Common 17-55] 'set_property' expects at least one object. [C:/Users/Muhammad Ahmed/Desktop/cep_xdc.xdc:19]
Resolution: If [get_<value>] was used to populate the object, check to make sure this command returns at least one valid object.
WARNING: [Vivado 12-584] No ports matched 'LED[10]'. [C:/Users/Muhammad Ahmed/Desktop/cep_xdc.xdc:20]
CRITICAL WARNING: [Common 17-55] 'set_property' expects at least one object. [C:/Users/Muhammad Ahmed/Desktop/cep_xdc.xdc:20]
Resolution: If [get_<value>] was used to populate the object, check to make sure this command returns at least one valid object.
WARNING: [Vivado 12-584] No ports matched 'LED[11]'. [C:/Users/Muhammad Ahmed/Desktop/cep_xdc.xdc:21]
CRITICAL WARNING: [Common 17-55] 'set_property' expects at least one object. [C:/Users/Muhammad Ahmed/Desktop/cep_xdc.xdc:21]
Resolution: If [get_<value>] was used to populate the object, check to make sure this command returns at least one valid object.
WARNING: [Vivado 12-584] No ports matched 'LED[12]'. [C:/Users/Muhammad Ahmed/Desktop/cep_xdc.xdc:22]
CRITICAL WARNING: [Common 17-55] 'set_property' expects at least one object. [C:/Users/Muhammad Ahmed/Desktop/cep_xdc.xdc:22]
Resolution: If [get_<value>] was used to populate the object, check to make sure this command returns at least one valid object.
WARNING: [Vivado 12-584] No ports matched 'LED[13]'. [C:/Users/Muhammad Ahmed/Desktop/cep_xdc.xdc:23]
CRITICAL WARNING: [Common 17-55] 'set_property' expects at least one object. [C:/Users/Muhammad Ahmed/Desktop/cep_xdc.xdc:23]
Resolution: If [get_<value>] was used to populate the object, check to make sure this command returns at least one valid object.
WARNING: [Vivado 12-584] No ports matched 'LED[14]'. [C:/Users/Muhammad Ahmed/Desktop/cep_xdc.xdc:24]
CRITICAL WARNING: [Common 17-55] 'set_property' expects at least one object. [C:/Users/Muhammad Ahmed/Desktop/cep_xdc.xdc:24]
Resolution: If [get_<value>] was used to populate the object, check to make sure this command returns at least one valid object.
WARNING: [Vivado 12-584] No ports matched 'LED[15]'. [C:/Users/Muhammad Ahmed/Desktop/cep_xdc.xdc:25]
CRITICAL WARNING: [Common 17-55] 'set_property' expects at least one object. [C:/Users/Muhammad Ahmed/Desktop/cep_xdc.xdc:25]
Resolution: If [get_<value>] was used to populate the object, check to make sure this command returns at least one valid object.
Finished Parsing XDC File [C:/Users/Muhammad Ahmed/Desktop/cep_xdc.xdc]
INFO: [Opt 31-138] Pushed 0 inverter(s) to 0 load pin(s).
INFO: [Project 1-111] Unisim Transformation Summary:
  A total of 1 instances were transformed.
  IOBUF => IOBUF (IBUF, OBUFT): 1 instances

7 Infos, 16 Warnings, 16 Critical Warnings and 0 Errors encountered.
link_design completed successfully
link_design: Time (s): cpu = 00:00:12 ; elapsed = 00:00:44 . Memory (MB): peak = 638.770 ; gain = 333.406
Command: opt_design
Attempting to get a license for feature 'Implementation' and/or device 'xc7a100t'
INFO: [Common 17-349] Got license for feature 'Implementation' and/or device 'xc7a100t'
Running DRC as a precondition to command opt_design

Starting DRC Task
INFO: [DRC 23-27] Running DRC with 2 threads
INFO: [Project 1-461] DRC finished with 0 Errors
INFO: [Project 1-462] Please refer to the DRC report (report_drc) for more information.

Time (s): cpu = 00:00:02 ; elapsed = 00:00:03 . Memory (MB): peak = 651.449 ; gain = 12.680

Starting Cache Timing Information Task
INFO: [Timing 38-35] Done setting XDC timing constraints.
Ending Cache Timing Information Task | Checksum: 1b476b94c

Time (s): cpu = 00:00:19 ; elapsed = 00:00:29 . Memory (MB): peak = 1212.188 ; gain = 560.738

Starting Logic Optimization Task

Phase 1 Retarget
INFO: [Opt 31-138] Pushed 0 inverter(s) to 0 load pin(s).
INFO: [Opt 31-49] Retargeted 0 cell(s).
Phase 1 Retarget | Checksum: 19c3f7c6c

Time (s): cpu = 00:00:00 ; elapsed = 00:00:01 . Memory (MB): peak = 1212.188 ; gain = 0.000
INFO: [Opt 31-389] Phase Retarget created 0 cells and removed 0 cells

Phase 2 Constant propagation
INFO: [Opt 31-138] Pushed 0 inverter(s) to 0 load pin(s).
Phase 2 Constant propagation | Checksum: 19c3f7c6c

Time (s): cpu = 00:00:00 ; elapsed = 00:00:01 . Memory (MB): peak = 1212.188 ; gain = 0.000
INFO: [Opt 31-389] Phase Constant propagation created 0 cells and removed 0 cells

Phase 3 Sweep
Phase 3 Sweep | Checksum: 16dccc320

Time (s): cpu = 00:00:00 ; elapsed = 00:00:02 . Memory (MB): peak = 1212.188 ; gain = 0.000
INFO: [Opt 31-389] Phase Sweep created 4 cells and removed 0 cells

Phase 4 BUFG optimization
Phase 4 BUFG optimization | Checksum: 16dccc320

Time (s): cpu = 00:00:00 ; elapsed = 00:00:02 . Memory (MB): peak = 1212.188 ; gain = 0.000
INFO: [Opt 31-662] Phase BUFG optimization created 0 cells of which 0 are BUFGs and removed 0 cells.

Phase 5 Shift Register Optimization
Phase 5 Shift Register Optimization | Checksum: 1ac3b1139

Time (s): cpu = 00:00:00 ; elapsed = 00:00:02 . Memory (MB): peak = 1212.188 ; gain = 0.000
INFO: [Opt 31-389] Phase Shift Register Optimization created 0 cells and removed 0 cells

Phase 6 Post Processing Netlist
Phase 6 Post Processing Netlist | Checksum: 1c2f72ee7

Time (s): cpu = 00:00:00 ; elapsed = 00:00:02 . Memory (MB): peak = 1212.188 ; gain = 0.000
INFO: [Opt 31-389] Phase Post Processing Netlist created 0 cells and removed 0 cells

Starting Connectivity Check Task

Time (s): cpu = 00:00:00 ; elapsed = 00:00:00.008 . Memory (MB): peak = 1212.188 ; gain = 0.000
Ending Logic Optimization Task | Checksum: 1b53cb7ca

Time (s): cpu = 00:00:00 ; elapsed = 00:00:02 . Memory (MB): peak = 1212.188 ; gain = 0.000

Starting Power Optimization Task
INFO: [Pwropt 34-132] Skipping clock gating for clocks with a period < 2.00 ns.
Ending Power Optimization Task | Checksum: 1b53cb7ca

Time (s): cpu = 00:00:00 ; elapsed = 00:00:00.420 . Memory (MB): peak = 1212.188 ; gain = 0.000

Starting Final Cleanup Task
Ending Final Cleanup Task | Checksum: 1b53cb7ca

Time (s): cpu = 00:00:00 ; elapsed = 00:00:00 . Memory (MB): peak = 1212.188 ; gain = 0.000
INFO: [Common 17-83] Releasing license: Implementation
23 Infos, 16 Warnings, 16 Critical Warnings and 0 Errors encountered.
opt_design completed successfully
opt_design: Time (s): cpu = 00:00:22 ; elapsed = 00:00:35 . Memory (MB): peak = 1212.188 ; gain = 573.418
INFO: [Timing 38-480] Writing timing data to binary archive.
Writing placer database...
Writing XDEF routing.
Writing XDEF routing logical nets.
Writing XDEF routing special nets.
Write XDEF Complete: Time (s): cpu = 00:00:01 ; elapsed = 00:00:00.837 . Memory (MB): peak = 1212.188 ; gain = 0.000
INFO: [Common 17-1381] The checkpoint 'D:/7th Semester/DSD/DSD_CEP/Working-on-Temperature-Sensors-using-Vivado--main/proj/cep.runs/impl_1/thermometer_opt.dcp' has been generated.
INFO: [runtcl-4] Executing : report_drc -file thermometer_drc_opted.rpt -pb thermometer_drc_opted.pb -rpx thermometer_drc_opted.rpx
Command: report_drc -file thermometer_drc_opted.rpt -pb thermometer_drc_opted.pb -rpx thermometer_drc_opted.rpx
INFO: [IP_Flow 19-234] Refreshing IP repositories
INFO: [IP_Flow 19-1704] No user IP repositories specified
INFO: [IP_Flow 19-2313] Loaded Vivado IP repository 'D:/Vivado/2018.2/data/ip'.
INFO: [DRC 23-27] Running DRC with 2 threads
INFO: [Coretcl 2-168] The results of DRC are in file D:/7th Semester/DSD/DSD_CEP/Working-on-Temperature-Sensors-using-Vivado--main/proj/cep.runs/impl_1/thermometer_drc_opted.rpt.
report_drc completed successfully
report_drc: Time (s): cpu = 00:00:08 ; elapsed = 00:00:26 . Memory (MB): peak = 1212.188 ; gain = 0.000
Command: place_design
Attempting to get a license for feature 'Implementation' and/or device 'xc7a100t'
INFO: [Common 17-349] Got license for feature 'Implementation' and/or device 'xc7a100t'
INFO: [DRC 23-27] Running DRC with 2 threads
INFO: [Vivado_Tcl 4-198] DRC finished with 0 Errors
INFO: [Vivado_Tcl 4-199] Please refer to the DRC report (report_drc) for more information.
Running DRC as a precondition to command place_design
INFO: [DRC 23-27] Running DRC with 2 threads
INFO: [Vivado_Tcl 4-198] DRC finished with 0 Errors
INFO: [Vivado_Tcl 4-199] Please refer to the DRC report (report_drc) for more information.

Starting Placer Task
INFO: [Place 30-611] Multithreading enabled for place_design using a maximum of 2 CPUs

Phase 1 Placer Initialization

Phase 1.1 Placer Initialization Netlist Sorting
Netlist sorting complete. Time (s): cpu = 00:00:00 ; elapsed = 00:00:00.002 . Memory (MB): peak = 1212.188 ; gain = 0.000
Phase 1.1 Placer Initialization Netlist Sorting | Checksum: 1973726cf

Time (s): cpu = 00:00:00 ; elapsed = 00:00:00.711 . Memory (MB): peak = 1212.188 ; gain = 0.000
INFO: [Timing 38-35] Done setting XDC timing constraints.
INFO: [Opt 31-138] Pushed 0 inverter(s) to 0 load pin(s).
Netlist sorting complete. Time (s): cpu = 00:00:00 ; elapsed = 00:00:00.001 . Memory (MB): peak = 1217.242 ; gain = 0.000

Phase 1.2 IO Placement/ Clock Placement/ Build Placer Device
WARNING: [Place 30-87] Partially locked IO Bus is found. Following components of the IO Bus SSEG_CA are not locked:  'SSEG_CA[7]' 
INFO: [Timing 38-35] Done setting XDC timing constraints.
Phase 1.2 IO Placement/ Clock Placement/ Build Placer Device | Checksum: 1161282db

Time (s): cpu = 00:00:05 ; elapsed = 00:00:10 . Memory (MB): peak = 1218.055 ; gain = 5.867

Phase 1.3 Build Placer Netlist Model
Phase 1.3 Build Placer Netlist Model | Checksum: 1ebe5ecd5

Time (s): cpu = 00:00:06 ; elapsed = 00:00:16 . Memory (MB): peak = 1218.055 ; gain = 5.867

Phase 1.4 Constrain Clocks/Macros
Phase 1.4 Constrain Clocks/Macros | Checksum: 1ebe5ecd5

Time (s): cpu = 00:00:06 ; elapsed = 00:00:17 . Memory (MB): peak = 1218.055 ; gain = 5.867
Phase 1 Placer Initialization | Checksum: 1ebe5ecd5

Time (s): cpu = 00:00:06 ; elapsed = 00:00:17 . Memory (MB): peak = 1218.055 ; gain = 5.867

Phase 2 Global Placement

Phase 2.1 Floorplanning
Phase 2.1 Floorplanning | Checksum: 188049441

Time (s): cpu = 00:00:06 ; elapsed = 00:00:18 . Memory (MB): peak = 1218.055 ; gain = 5.867

Phase 2.2 Physical Synthesis In Placer
INFO: [Physopt 32-65] No nets found for high-fanout optimization.
INFO: [Physopt 32-232] Optimized 0 net. Created 0 new instance.
INFO: [Physopt 32-775] End 1 Pass. Optimized 0 net or cell. Created 0 new cell, deleted 0 existing cell and moved 0 existing cell
Netlist sorting complete. Time (s): cpu = 00:00:00 ; elapsed = 00:00:00.002 . Memory (MB): peak = 1218.055 ; gain = 0.000

Summary of Physical Synthesis Optimizations
============================================


-----------------------------------------------------------------------------------------------------------------------------
|  Optimization       |  Added Cells  |  Removed Cells  |  Optimized Cells/Nets  |  Dont Touch  |  Iterations  |  Elapsed   |
-----------------------------------------------------------------------------------------------------------------------------
|  Very High Fanout   |            0  |              0  |                     0  |           0  |           1  |  00:00:01  |
|  Total              |            0  |              0  |                     0  |           0  |           1  |  00:00:01  |
-----------------------------------------------------------------------------------------------------------------------------


Phase 2.2 Physical Synthesis In Placer | Checksum: 20487d713

Time (s): cpu = 00:00:14 ; elapsed = 00:00:26 . Memory (MB): peak = 1218.055 ; gain = 5.867
Phase 2 Global Placement | Checksum: 14ec3bc00

Time (s): cpu = 00:00:14 ; elapsed = 00:00:27 . Memory (MB): peak = 1218.055 ; gain = 5.867

Phase 3 Detail Placement

Phase 3.1 Commit Multi Column Macros
Phase 3.1 Commit Multi Column Macros | Checksum: 14ec3bc00

Time (s): cpu = 00:00:14 ; elapsed = 00:00:27 . Memory (MB): peak = 1218.055 ; gain = 5.867

Phase 3.2 Commit Most Macros & LUTRAMs
Phase 3.2 Commit Most Macros & LUTRAMs | Checksum: 20c16d514

Time (s): cpu = 00:00:14 ; elapsed = 00:00:27 . Memory (MB): peak = 1218.055 ; gain = 5.867

Phase 3.3 Area Swap Optimization
Phase 3.3 Area Swap Optimization | Checksum: 20adc96e5

Time (s): cpu = 00:00:14 ; elapsed = 00:00:27 . Memory (MB): peak = 1218.055 ; gain = 5.867

Phase 3.4 Pipeline Register Optimization
Phase 3.4 Pipeline Register Optimization | Checksum: 20adc96e5

Time (s): cpu = 00:00:14 ; elapsed = 00:00:27 . Memory (MB): peak = 1218.055 ; gain = 5.867

Phase 3.5 Small Shape Detail Placement
Phase 3.5 Small Shape Detail Placement | Checksum: 22f9a7801

Time (s): cpu = 00:00:16 ; elapsed = 00:00:29 . Memory (MB): peak = 1218.055 ; gain = 5.867

Phase 3.6 Re-assign LUT pins
Phase 3.6 Re-assign LUT pins | Checksum: 2ad9af550

Time (s): cpu = 00:00:16 ; elapsed = 00:00:29 . Memory (MB): peak = 1218.055 ; gain = 5.867

Phase 3.7 Pipeline Register Optimization
Phase 3.7 Pipeline Register Optimization | Checksum: 2ad9af550

Time (s): cpu = 00:00:16 ; elapsed = 00:00:29 . Memory (MB): peak = 1218.055 ; gain = 5.867
Phase 3 Detail Placement | Checksum: 2ad9af550

Time (s): cpu = 00:00:16 ; elapsed = 00:00:29 . Memory (MB): peak = 1218.055 ; gain = 5.867

Phase 4 Post Placement Optimization and Clean-Up

Phase 4.1 Post Commit Optimization
INFO: [Timing 38-35] Done setting XDC timing constraints.

Phase 4.1.1 Post Placement Optimization
Post Placement Optimization Initialization | Checksum: 2094beecd

Phase 4.1.1.1 BUFG Insertion
INFO: [Place 46-31] BUFG insertion identified 0 candidate nets, 0 success, 0 skipped for placement/routing, 0 skipped for timing, 0 skipped for netlist change reason.
Phase 4.1.1.1 BUFG Insertion | Checksum: 2094beecd

Time (s): cpu = 00:00:16 ; elapsed = 00:00:30 . Memory (MB): peak = 1245.805 ; gain = 33.617
INFO: [Place 30-746] Post Placement Timing Summary WNS=6.126. For the most accurate timing information please run report_timing.
Phase 4.1.1 Post Placement Optimization | Checksum: 1b2d3a9ce

Time (s): cpu = 00:00:16 ; elapsed = 00:00:30 . Memory (MB): peak = 1245.805 ; gain = 33.617
Phase 4.1 Post Commit Optimization | Checksum: 1b2d3a9ce

Time (s): cpu = 00:00:16 ; elapsed = 00:00:30 . Memory (MB): peak = 1245.805 ; gain = 33.617

Phase 4.2 Post Placement Cleanup
Phase 4.2 Post Placement Cleanup | Checksum: 1b2d3a9ce

Time (s): cpu = 00:00:16 ; elapsed = 00:00:30 . Memory (MB): peak = 1245.805 ; gain = 33.617

Phase 4.3 Placer Reporting
Phase 4.3 Placer Reporting | Checksum: 1b2d3a9ce

Time (s): cpu = 00:00:16 ; elapsed = 00:00:30 . Memory (MB): peak = 1245.805 ; gain = 33.617

Phase 4.4 Final Placement Cleanup
Phase 4.4 Final Placement Cleanup | Checksum: 1cd03d560

Time (s): cpu = 00:00:16 ; elapsed = 00:00:30 . Memory (MB): peak = 1245.805 ; gain = 33.617
Phase 4 Post Placement Optimization and Clean-Up | Checksum: 1cd03d560

Time (s): cpu = 00:00:16 ; elapsed = 00:00:30 . Memory (MB): peak = 1245.805 ; gain = 33.617
Ending Placer Task | Checksum: 1bef81976

Time (s): cpu = 00:00:16 ; elapsed = 00:00:31 . Memory (MB): peak = 1245.805 ; gain = 33.617
INFO: [Common 17-83] Releasing license: Implementation
49 Infos, 17 Warnings, 16 Critical Warnings and 0 Errors encountered.
place_design completed successfully
place_design: Time (s): cpu = 00:00:18 ; elapsed = 00:00:33 . Memory (MB): peak = 1245.805 ; gain = 33.617
INFO: [Timing 38-480] Writing timing data to binary archive.
Writing placer database...
Writing XDEF routing.
Writing XDEF routing logical nets.
Writing XDEF routing special nets.
Write XDEF Complete: Time (s): cpu = 00:00:00 ; elapsed = 00:00:00.172 . Memory (MB): peak = 1253.422 ; gain = 7.617
INFO: [Common 17-1381] The checkpoint 'D:/7th Semester/DSD/DSD_CEP/Working-on-Temperature-Sensors-using-Vivado--main/proj/cep.runs/impl_1/thermometer_placed.dcp' has been generated.
INFO: [runtcl-4] Executing : report_io -file thermometer_io_placed.rpt
report_io: Time (s): cpu = 00:00:00 ; elapsed = 00:00:02 . Memory (MB): peak = 1253.422 ; gain = 0.000
INFO: [runtcl-4] Executing : report_utilization -file thermometer_utilization_placed.rpt -pb thermometer_utilization_placed.pb
report_utilization: Time (s): cpu = 00:00:00 ; elapsed = 00:00:00.422 . Memory (MB): peak = 1253.422 ; gain = 0.000
INFO: [runtcl-4] Executing : report_control_sets -verbose -file thermometer_control_sets_placed.rpt
report_control_sets: Time (s): cpu = 00:00:00 ; elapsed = 00:00:00.203 . Memory (MB): peak = 1253.422 ; gain = 0.000
Command: route_design
Attempting to get a license for feature 'Implementation' and/or device 'xc7a100t'
INFO: [Common 17-349] Got license for feature 'Implementation' and/or device 'xc7a100t'
Running DRC as a precondition to command route_design
INFO: [DRC 23-27] Running DRC with 2 threads
WARNING: [DRC PLIO-3] Placement Constraints Check for IO constraints: Partially locked IO Bus is found. Following components of the IO Bus SSEG_CA[7:0] are not locked:  SSEG_CA[7]
INFO: [Vivado_Tcl 4-198] DRC finished with 0 Errors, 1 Warnings
INFO: [Vivado_Tcl 4-199] Please refer to the DRC report (report_drc) for more information.


Starting Routing Task
INFO: [Route 35-254] Multithreading enabled for route_design using a maximum of 2 CPUs
Checksum: PlaceDB: ec4fe436 ConstDB: 0 ShapeSum: d2a83540 RouteDB: 0

Phase 1 Build RT Design
Phase 1 Build RT Design | Checksum: 15e70d558

Time (s): cpu = 00:01:00 ; elapsed = 00:00:56 . Memory (MB): peak = 1381.492 ; gain = 128.070
Post Restoration Checksum: NetGraph: eaca817c NumContArr: 73a653dc Constraints: 0 Timing: 0

Phase 2 Router Initialization

Phase 2.1 Create Timer
Phase 2.1 Create Timer | Checksum: 15e70d558

Time (s): cpu = 00:01:00 ; elapsed = 00:00:57 . Memory (MB): peak = 1381.520 ; gain = 128.098

Phase 2.2 Fix Topology Constraints
Phase 2.2 Fix Topology Constraints | Checksum: 15e70d558

Time (s): cpu = 00:01:00 ; elapsed = 00:00:57 . Memory (MB): peak = 1387.863 ; gain = 134.441

Phase 2.3 Pre Route Cleanup
Phase 2.3 Pre Route Cleanup | Checksum: 15e70d558

Time (s): cpu = 00:01:00 ; elapsed = 00:00:57 . Memory (MB): peak = 1387.863 ; gain = 134.441
 Number of Nodes with overlaps = 0

Phase 2.4 Update Timing
Phase 2.4 Update Timing | Checksum: 1fcfe0103

Time (s): cpu = 00:01:01 ; elapsed = 00:01:00 . Memory (MB): peak = 1402.961 ; gain = 149.539
INFO: [Route 35-416] Intermediate Timing Summary | WNS=6.117  | TNS=0.000  | WHS=-0.121 | THS=-1.399 |

Phase 2 Router Initialization | Checksum: 2a0e2217c

Time (s): cpu = 00:01:01 ; elapsed = 00:01:00 . Memory (MB): peak = 1402.961 ; gain = 149.539

Phase 3 Initial Routing
Phase 3 Initial Routing | Checksum: 1d72d13a6

Time (s): cpu = 00:01:01 ; elapsed = 00:01:00 . Memory (MB): peak = 1402.961 ; gain = 149.539

Phase 4 Rip-up And Reroute

Phase 4.1 Global Iteration 0
 Number of Nodes with overlaps = 20
 Number of Nodes with overlaps = 0
INFO: [Route 35-416] Intermediate Timing Summary | WNS=6.439  | TNS=0.000  | WHS=N/A    | THS=N/A    |

Phase 4.1 Global Iteration 0 | Checksum: 148fe4fad

Time (s): cpu = 00:01:01 ; elapsed = 00:01:01 . Memory (MB): peak = 1402.961 ; gain = 149.539

Phase 4.2 Global Iteration 1
 Number of Nodes with overlaps = 0
INFO: [Route 35-416] Intermediate Timing Summary | WNS=6.439  | TNS=0.000  | WHS=N/A    | THS=N/A    |

Phase 4.2 Global Iteration 1 | Checksum: 118ba2248

Time (s): cpu = 00:01:02 ; elapsed = 00:01:01 . Memory (MB): peak = 1402.961 ; gain = 149.539
Phase 4 Rip-up And Reroute | Checksum: 118ba2248

Time (s): cpu = 00:01:02 ; elapsed = 00:01:01 . Memory (MB): peak = 1402.961 ; gain = 149.539

Phase 5 Delay and Skew Optimization

Phase 5.1 Delay CleanUp
Phase 5.1 Delay CleanUp | Checksum: 118ba2248

Time (s): cpu = 00:01:02 ; elapsed = 00:01:01 . Memory (MB): peak = 1402.961 ; gain = 149.539

Phase 5.2 Clock Skew Optimization
Phase 5.2 Clock Skew Optimization | Checksum: 118ba2248

Time (s): cpu = 00:01:02 ; elapsed = 00:01:01 . Memory (MB): peak = 1402.961 ; gain = 149.539
Phase 5 Delay and Skew Optimization | Checksum: 118ba2248

Time (s): cpu = 00:01:02 ; elapsed = 00:01:01 . Memory (MB): peak = 1402.961 ; gain = 149.539

Phase 6 Post Hold Fix

Phase 6.1 Hold Fix Iter

Phase 6.1.1 Update Timing
Phase 6.1.1 Update Timing | Checksum: 19a85e049

Time (s): cpu = 00:01:02 ; elapsed = 00:01:01 . Memory (MB): peak = 1402.961 ; gain = 149.539
INFO: [Route 35-416] Intermediate Timing Summary | WNS=6.519  | TNS=0.000  | WHS=0.173  | THS=0.000  |

Phase 6.1 Hold Fix Iter | Checksum: 1572fe857

Time (s): cpu = 00:01:02 ; elapsed = 00:01:01 . Memory (MB): peak = 1402.961 ; gain = 149.539
Phase 6 Post Hold Fix | Checksum: 1572fe857

Time (s): cpu = 00:01:02 ; elapsed = 00:01:01 . Memory (MB): peak = 1402.961 ; gain = 149.539

Phase 7 Route finalize

Router Utilization Summary
  Global Vertical Routing Utilization    = 0.0372546 %
  Global Horizontal Routing Utilization  = 0.0261438 %
  Routable Net Status*
  *Does not include unroutable nets such as driverless and loadless.
  Run report_route_status for detailed report.
  Number of Failed Nets               = 0
  Number of Unrouted Nets             = 0
  Number of Partially Routed Nets     = 0
  Number of Node Overlaps             = 0

Phase 7 Route finalize | Checksum: 1e3bf3326

Time (s): cpu = 00:01:02 ; elapsed = 00:01:01 . Memory (MB): peak = 1402.961 ; gain = 149.539

Phase 8 Verifying routed nets

 Verification completed successfully
Phase 8 Verifying routed nets | Checksum: 1e3bf3326

Time (s): cpu = 00:01:02 ; elapsed = 00:01:01 . Memory (MB): peak = 1402.961 ; gain = 149.539

Phase 9 Depositing Routes
Phase 9 Depositing Routes | Checksum: 20a5150f9

Time (s): cpu = 00:01:02 ; elapsed = 00:01:01 . Memory (MB): peak = 1402.961 ; gain = 149.539

Phase 10 Post Router Timing
INFO: [Route 35-57] Estimated Timing Summary | WNS=6.519  | TNS=0.000  | WHS=0.173  | THS=0.000  |

INFO: [Route 35-327] The final timing numbers are based on the router estimated timing analysis. For a complete and accurate timing signoff, please run report_timing_summary.
Phase 10 Post Router Timing | Checksum: 20a5150f9

Time (s): cpu = 00:01:02 ; elapsed = 00:01:01 . Memory (MB): peak = 1402.961 ; gain = 149.539
INFO: [Route 35-16] Router Completed Successfully

Time (s): cpu = 00:01:02 ; elapsed = 00:01:01 . Memory (MB): peak = 1402.961 ; gain = 149.539

Routing Is Done.
INFO: [Common 17-83] Releasing license: Implementation
67 Infos, 18 Warnings, 16 Critical Warnings and 0 Errors encountered.
route_design completed successfully
route_design: Time (s): cpu = 00:01:05 ; elapsed = 00:01:04 . Memory (MB): peak = 1402.961 ; gain = 149.539
INFO: [Timing 38-480] Writing timing data to binary archive.
Writing placer database...
Writing XDEF routing.
Writing XDEF routing logical nets.
Writing XDEF routing special nets.
Write XDEF Complete: Time (s): cpu = 00:00:01 ; elapsed = 00:00:00.265 . Memory (MB): peak = 1402.961 ; gain = 0.000
INFO: [Common 17-1381] The checkpoint 'D:/7th Semester/DSD/DSD_CEP/Working-on-Temperature-Sensors-using-Vivado--main/proj/cep.runs/impl_1/thermometer_routed.dcp' has been generated.
INFO: [runtcl-4] Executing : report_drc -file thermometer_drc_routed.rpt -pb thermometer_drc_routed.pb -rpx thermometer_drc_routed.rpx
Command: report_drc -file thermometer_drc_routed.rpt -pb thermometer_drc_routed.pb -rpx thermometer_drc_routed.rpx
INFO: [DRC 23-27] Running DRC with 2 threads
INFO: [Coretcl 2-168] The results of DRC are in file D:/7th Semester/DSD/DSD_CEP/Working-on-Temperature-Sensors-using-Vivado--main/proj/cep.runs/impl_1/thermometer_drc_routed.rpt.
report_drc completed successfully
INFO: [runtcl-4] Executing : report_methodology -file thermometer_methodology_drc_routed.rpt -pb thermometer_methodology_drc_routed.pb -rpx thermometer_methodology_drc_routed.rpx
Command: report_methodology -file thermometer_methodology_drc_routed.rpt -pb thermometer_methodology_drc_routed.pb -rpx thermometer_methodology_drc_routed.rpx
INFO: [Timing 38-35] Done setting XDC timing constraints.
INFO: [Timing 38-35] Done setting XDC timing constraints.
INFO: [DRC 23-133] Running Methodology with 2 threads
INFO: [Coretcl 2-1520] The results of Report Methodology are in file D:/7th Semester/DSD/DSD_CEP/Working-on-Temperature-Sensors-using-Vivado--main/proj/cep.runs/impl_1/thermometer_methodology_drc_routed.rpt.
report_methodology completed successfully
report_methodology: Time (s): cpu = 00:00:03 ; elapsed = 00:00:17 . Memory (MB): peak = 1402.961 ; gain = 0.000
INFO: [runtcl-4] Executing : report_power -file thermometer_power_routed.rpt -pb thermometer_power_summary_routed.pb -rpx thermometer_power_routed.rpx
Command: report_power -file thermometer_power_routed.rpt -pb thermometer_power_summary_routed.pb -rpx thermometer_power_routed.rpx
INFO: [Timing 38-35] Done setting XDC timing constraints.
Running Vector-less Activity Propagation...

Finished Running Vector-less Activity Propagation
79 Infos, 18 Warnings, 16 Critical Warnings and 0 Errors encountered.
report_power completed successfully
report_power: Time (s): cpu = 00:00:02 ; elapsed = 00:00:15 . Memory (MB): peak = 1423.715 ; gain = 20.754
INFO: [runtcl-4] Executing : report_route_status -file thermometer_route_status.rpt -pb thermometer_route_status.pb
INFO: [runtcl-4] Executing : report_timing_summary -max_paths 10 -file thermometer_timing_summary_routed.rpt -pb thermometer_timing_summary_routed.pb -rpx thermometer_timing_summary_routed.rpx -warn_on_violation 
INFO: [Timing 38-91] UpdateTimingParams: Speed grade: -1, Delay Type: min_max, Timing Stage: Requireds.
INFO: [Timing 38-191] Multithreading enabled for timing update using a maximum of 2 CPUs
report_timing_summary: Time (s): cpu = 00:00:00 ; elapsed = 00:00:07 . Memory (MB): peak = 1423.715 ; gain = 0.000
INFO: [runtcl-4] Executing : report_incremental_reuse -file thermometer_incremental_reuse_routed.rpt
INFO: [Vivado_Tcl 4-545] No incremental reuse to report, no incremental placement and routing data was found.
INFO: [runtcl-4] Executing : report_clock_utilization -file thermometer_clock_utilization_routed.rpt
INFO: [runtcl-4] Executing : report_bus_skew -warn_on_violation -file thermometer_bus_skew_routed.rpt -pb thermometer_bus_skew_routed.pb -rpx thermometer_bus_skew_routed.rpx
INFO: [Timing 38-91] UpdateTimingParams: Speed grade: -1, Delay Type: min_max, Timing Stage: Requireds.
INFO: [Timing 38-191] Multithreading enabled for timing update using a maximum of 2 CPUs
INFO: [Common 17-206] Exiting Vivado at Mon Jan 23 16:09:25 2023...
