#-----------------------------------------------------------
# Vivado v2018.2 (64-bit)
# SW Build 2258646 on Thu Jun 14 20:03:12 MDT 2018
# IP Build 2256618 on Thu Jun 14 22:10:49 MDT 2018
# Start of session at: Mon Jan 23 12:26:39 2023
# Process ID: 1176
# Current directory: D:/7th Semester/DSD/DSD_CEP/Working-on-Temperature-Sensors-using-Vivado--main/proj
# Command line: vivado.exe -gui_launcher_event rodinguilauncherevent3428 D:\7th Semester\DSD\DSD_CEP\Working-on-Temperature-Sensors-using-Vivado--main\proj\cep.xpr
# Log file: D:/7th Semester/DSD/DSD_CEP/Working-on-Temperature-Sensors-using-Vivado--main/proj/vivado.log
# Journal file: D:/7th Semester/DSD/DSD_CEP/Working-on-Temperature-Sensors-using-Vivado--main/proj\vivado.jou
#-----------------------------------------------------------
start_gui
open_project {D:/7th Semester/DSD/DSD_CEP/Working-on-Temperature-Sensors-using-Vivado--main/proj/cep.xpr}
INFO: [ProjectBase 1-489] The host OS only allows 260 characters in a normal path. The project is stored in a path with more than 80 characters. If you experience issues with IP, Block Designs, or files not being found, please consider moving the project to a location with a shorter path. Alternately consider using the OS subst command to map part of the path to a drive letter.
Current project path is 'D:/7th Semester/DSD/DSD_CEP/Working-on-Temperature-Sensors-using-Vivado--main/proj'
INFO: [Project 1-313] Project file moved from 'G:/vivado_workspaces/cep' since last save.
Scanning sources...
Finished scanning sources
WARNING: [filemgmt 56-2] IPUserFilesDir: Could not find the directory 'D:/7th Semester/DSD/DSD_CEP/Working-on-Temperature-Sensors-using-Vivado--main/proj/cep.ip_user_files', nor could it be found using path 'G:/vivado_workspaces/cep/cep.ip_user_files'.
INFO: [IP_Flow 19-234] Refreshing IP repositories
INFO: [IP_Flow 19-1704] No user IP repositories specified
INFO: [IP_Flow 19-2313] Loaded Vivado IP repository 'D:/Vivado/2018.2/data/ip'.
open_project: Time (s): cpu = 00:00:29 ; elapsed = 00:00:43 . Memory (MB): peak = 816.625 ; gain = 128.570
update_compile_order -fileset sources_1
launch_runs synth_1 -jobs 2
[Mon Jan 23 13:59:48 2023] Launched synth_1...
Run output will be captured here: D:/7th Semester/DSD/DSD_CEP/Working-on-Temperature-Sensors-using-Vivado--main/proj/cep.runs/synth_1/runme.log
reset_run synth_1
launch_runs synth_1 -jobs 2
[Mon Jan 23 14:03:29 2023] Launched synth_1...
Run output will be captured here: D:/7th Semester/DSD/DSD_CEP/Working-on-Temperature-Sensors-using-Vivado--main/proj/cep.runs/synth_1/runme.log
reset_run synth_1
launch_runs synth_1 -jobs 2
[Mon Jan 23 14:06:26 2023] Launched synth_1...
Run output will be captured here: D:/7th Semester/DSD/DSD_CEP/Working-on-Temperature-Sensors-using-Vivado--main/proj/cep.runs/synth_1/runme.log
reset_run synth_1
launch_runs synth_1 -jobs 2
[Mon Jan 23 14:08:59 2023] Launched synth_1...
Run output will be captured here: D:/7th Semester/DSD/DSD_CEP/Working-on-Temperature-Sensors-using-Vivado--main/proj/cep.runs/synth_1/runme.log
reset_run synth_1
launch_runs synth_1 -jobs 2
[Mon Jan 23 14:10:01 2023] Launched synth_1...
Run output will be captured here: D:/7th Semester/DSD/DSD_CEP/Working-on-Temperature-Sensors-using-Vivado--main/proj/cep.runs/synth_1/runme.log
reset_run synth_1
launch_runs synth_1 -jobs 2
[Mon Jan 23 14:10:29 2023] Launched synth_1...
Run output will be captured here: D:/7th Semester/DSD/DSD_CEP/Working-on-Temperature-Sensors-using-Vivado--main/proj/cep.runs/synth_1/runme.log
reset_run synth_1
launch_runs synth_1 -jobs 2
[Mon Jan 23 14:11:22 2023] Launched synth_1...
Run output will be captured here: D:/7th Semester/DSD/DSD_CEP/Working-on-Temperature-Sensors-using-Vivado--main/proj/cep.runs/synth_1/runme.log
reset_run synth_1
launch_runs synth_1 -jobs 2
[Mon Jan 23 14:19:11 2023] Launched synth_1...
Run output will be captured here: D:/7th Semester/DSD/DSD_CEP/Working-on-Temperature-Sensors-using-Vivado--main/proj/cep.runs/synth_1/runme.log
launch_runs impl_1 -jobs 2
[Mon Jan 23 14:23:03 2023] Launched impl_1...
Run output will be captured here: D:/7th Semester/DSD/DSD_CEP/Working-on-Temperature-Sensors-using-Vivado--main/proj/cep.runs/impl_1/runme.log
open_run synth_1 -name synth_1
Design is defaulting to impl run constrset: constrs_1
Design is defaulting to synth run part: xc7a100tcsg324-1
INFO: [Netlist 29-17] Analyzing 5 Unisim elements for replacement
INFO: [Netlist 29-28] Unisim Transformation completed in 0 CPU seconds
INFO: [Project 1-479] Netlist was created with Vivado 2018.2
INFO: [Device 21-403] Loading part xc7a100tcsg324-1
INFO: [Project 1-570] Preparing netlist for logic optimization
INFO: [Opt 31-138] Pushed 0 inverter(s) to 0 load pin(s).
INFO: [Project 1-111] Unisim Transformation Summary:
No Unisim elements were transformed.

open_run: Time (s): cpu = 00:00:25 ; elapsed = 00:00:32 . Memory (MB): peak = 1280.949 ; gain = 374.480
reset_run synth_1
launch_runs synth_1 -jobs 2
[Mon Jan 23 14:52:04 2023] Launched synth_1...
Run output will be captured here: D:/7th Semester/DSD/DSD_CEP/Working-on-Temperature-Sensors-using-Vivado--main/proj/cep.runs/synth_1/runme.log
refresh_design
INFO: [Netlist 29-17] Analyzing 5 Unisim elements for replacement
INFO: [Netlist 29-28] Unisim Transformation completed in 0 CPU seconds
INFO: [Project 1-479] Netlist was created with Vivado 2018.2
INFO: [Project 1-570] Preparing netlist for logic optimization
INFO: [Opt 31-138] Pushed 0 inverter(s) to 0 load pin(s).
refresh_design: Time (s): cpu = 00:00:12 ; elapsed = 00:00:21 . Memory (MB): peak = 1767.449 ; gain = 30.883
reset_run synth_1
launch_runs synth_1 -jobs 2
[Mon Jan 23 15:38:04 2023] Launched synth_1...
Run output will be captured here: D:/7th Semester/DSD/DSD_CEP/Working-on-Temperature-Sensors-using-Vivado--main/proj/cep.runs/synth_1/runme.log
reset_run synth_1
launch_runs synth_1 -jobs 2
[Mon Jan 23 15:40:07 2023] Launched synth_1...
Run output will be captured here: D:/7th Semester/DSD/DSD_CEP/Working-on-Temperature-Sensors-using-Vivado--main/proj/cep.runs/synth_1/runme.log
launch_runs impl_1 -jobs 2
WARNING: [Project 1-478] Design 'synth_1' is stale and will not be used when launching 'impl_1'
[Mon Jan 23 15:43:17 2023] Launched impl_1...
Run output will be captured here: D:/7th Semester/DSD/DSD_CEP/Working-on-Temperature-Sensors-using-Vivado--main/proj/cep.runs/impl_1/runme.log
add_files -fileset constrs_1 -norecurse {{C:/Users/Muhammad Ahmed/Desktop/cep_xdc.xdc}}
reset_run synth_1
launch_runs synth_1 -jobs 2
[Mon Jan 23 16:00:09 2023] Launched synth_1...
Run output will be captured here: D:/7th Semester/DSD/DSD_CEP/Working-on-Temperature-Sensors-using-Vivado--main/proj/cep.runs/synth_1/runme.log
launch_runs impl_1 -jobs 2
WARNING: [Project 1-478] Design 'synth_1' is stale and will not be used when launching 'impl_1'
[Mon Jan 23 16:03:27 2023] Launched impl_1...
Run output will be captured here: D:/7th Semester/DSD/DSD_CEP/Working-on-Temperature-Sensors-using-Vivado--main/proj/cep.runs/impl_1/runme.log
launch_runs impl_1 -to_step write_bitstream -jobs 2
[Mon Jan 23 16:09:58 2023] Launched impl_1...
Run output will be captured here: D:/7th Semester/DSD/DSD_CEP/Working-on-Temperature-Sensors-using-Vivado--main/proj/cep.runs/impl_1/runme.log
launch_runs: Time (s): cpu = 00:00:00 ; elapsed = 00:00:22 . Memory (MB): peak = 1781.867 ; gain = 0.242
reset_run impl_1 -prev_step 
WARNING: [Vivado 12-1017] Problems encountered:
1. PID not specified

exit
INFO: [Common 17-206] Exiting Vivado at Mon Jan 23 16:35:27 2023...
