#-----------------------------------------------------------
# Vivado v2018.2 (64-bit)
# SW Build 2258646 on Thu Jun 14 20:03:12 MDT 2018
# IP Build 2256618 on Thu Jun 14 22:10:49 MDT 2018
# Start of session at: Thu Jan 19 15:33:12 2023
# Process ID: 11056
# Current directory: G:/vivado_workspaces/cep
# Command line: vivado.exe -gui_launcher_event rodinguilauncherevent8720 G:\vivado_workspaces\cep\cep.xpr
# Log file: G:/vivado_workspaces/cep/vivado.log
# Journal file: G:/vivado_workspaces/cep\vivado.jou
#-----------------------------------------------------------
start_gui
open_project G:/vivado_workspaces/cep/cep.xpr
Scanning sources...
Finished scanning sources
INFO: [IP_Flow 19-234] Refreshing IP repositories
INFO: [IP_Flow 19-1704] No user IP repositories specified
INFO: [IP_Flow 19-2313] Loaded Vivado IP repository 'Y:/Vivado_installed/Vivado/2018.2/data/ip'.
open_project: Time (s): cpu = 00:00:13 ; elapsed = 00:00:09 . Memory (MB): peak = 787.719 ; gain = 108.590
update_compile_order -fileset sources_1
exit
INFO: [Common 17-206] Exiting Vivado at Thu Jan 19 15:56:15 2023...
